<?xml version="1.0" encoding="UTF-8"?>
<testsuite name="FizzBuzz" tests="1" skipped="0" failures="0" errors="0" timestamp="2021-05-25T09:23:45" hostname="WST14001" time="0.018">
  <properties/>
  <testcase name="normal_numbers_will_be_returned_as_string()" classname="FizzBuzz" time="0.018"/>
  <system-out><![CDATA[]]></system-out>
  <system-err><![CDATA[]]></system-err>
</testsuite>
